#
# A fatal error has been detected by the Java Runtime Environment:
#
#  EXCEPTION_ACCESS_VIOLATION (0xc0000005) at pc=0x000000006980175b, pid=964, tid=10948
#
# JRE version: Java(TM) SE Runtime Environment (8.0_91-b14) (build 1.8.0_91-b14)
# Java VM: Java HotSpot(TM) 64-Bit Server VM (25.91-b14 mixed mode windows-amd64 compressed oops)
# Problematic frame:
# C  [libnd4jcpu.dll+0x38175b]
#
# Failed to write core dump. Minidumps are not enabled by default on client versions of Windows
#
# If you would like to submit a bug report, please visit:
#   http://bugreport.java.com/bugreport/crash.jsp
# The crash happened outside the Java Virtual Machine in native code.
# See problematic frame for where to report the bug.
#

---------------  T H R E A D  ---------------

Current thread (0x0000000004b4e000):  JavaThread "main" [_thread_in_native, id=10948, stack(0x0000000004b60000,0x0000000004c60000)]

siginfo: ExceptionCode=0xc0000005, reading address 0x00000000498fa000

Registers:
RAX=0x0000000045d82190, RBX=0x000000000000012c, RCX=0x00000000498fa010, RDX=0x0000000000000048
RSP=0x0000000004c5eb50, RBP=0x0000000000000001, RSI=0x0000000000000044, RDI=0x0000000000000002
R8 =0x0000000000000000, R9 =0x000000000000004b, R10=0x0000000000000063, R11=0x000000000000012c
R12=0x0000000000000001, R13=0x0000000045d81d50, R14=0x00000000498f9bd0, R15=0x000000000000012c
RIP=0x000000006980175b, EFLAGS=0x0000000000010206

Top of Stack: (sp=0x0000000004c5eb50)
0x0000000004c5eb50:   0000000002920000 000000004d72b0f8
0x0000000004c5eb60:   00000000000000d8 0000000004c5f938
0x0000000004c5eb70:   0000000000000000 0000000000000000
0x0000000004c5eb80:   0000000004c5edf0 0000000004b4e678
0x0000000004c5eb90:   0000000004b4e6c1 0000000900000009
0x0000000004c5eba0:   000000003c1ad900 0000000000000000
0x0000000004c5ebb0:   0000cf06a6416a04 0000000000000007
0x0000000004c5ebc0:   00000004409c6978 0000000000000000
0x0000000004c5ebd0:   0000000004b4e000 0000000000000007
0x0000000004c5ebe0:   0000000004b4e1f8 00000000374f8110
0x0000000004c5ebf0:   0000000004c5ed90 0000000051c930bf
0x0000000004c5ec00:   0000000000000004 0000000000000000
0x0000000004c5ec10:   0000000004b4e000 0000000004b4e000
0x0000000004c5ec20:   00000000374f8110 0000000004c5ec70
0x0000000004c5ec30:   0000000004b4e000 000000005213e7b8
0x0000000004c5ec40:   000000000000000e 0000000097066d88 

Instructions: (pc=0x000000006980175b)
0x000000006980173b:   59 e9 44 0f 28 61 c0 44 0f 59 cc 44 0f 28 41 d0
0x000000006980174b:   41 0f 59 cc 0f 28 79 e0 41 0f 59 e0 45 0f 58 e9
0x000000006980175b:   0f 28 71 f0 44 0f 28 cb 48 39 f2 44 0f 59 cb 0f
0x000000006980176b:   58 cc 0f 59 df 45 0f 58 cd 44 0f 28 ea 0f 58 d9 


Register to memory mapping:

RAX=0x0000000045d82190 is an unknown value
RBX=0x000000000000012c is an unknown value
RCX=0x00000000498fa010 is an unknown value
RDX=0x0000000000000048 is an unknown value
RSP=0x0000000004c5eb50 is pointing into the stack for thread: 0x0000000004b4e000
RBP=0x0000000000000001 is an unknown value
RSI=0x0000000000000044 is an unknown value
RDI=0x0000000000000002 is an unknown value
R8 =0x0000000000000000 is an unknown value
R9 =0x000000000000004b is an unknown value
R10=0x0000000000000063 is an unknown value
R11=0x000000000000012c is an unknown value
R12=0x0000000000000001 is an unknown value
R13=0x0000000045d81d50 is an unknown value
R14=0x00000000498f9bd0 is an unknown value
R15=0x000000000000012c is an unknown value


Stack: [0x0000000004b60000,0x0000000004c60000],  sp=0x0000000004c5eb50,  free space=1018k
Native frames: (J=compiled Java code, j=interpreted, Vv=VM code, C=native code)
C  [libnd4jcpu.dll+0x38175b]
C  [jnind4jcpu.dll+0x2fd56]
C  0x0000000005ef1187

Java frames: (J=compiled Java code, j=interpreted, Vv=VM code)
J 5600  org.nd4j.nativeblas.Nd4jCpu$NativeOps.execReduce3ScalarFloat(Lorg/bytedeco/javacpp/PointerPointer;ILorg/bytedeco/javacpp/FloatPointer;Lorg/bytedeco/javacpp/IntPointer;Lorg/bytedeco/javacpp/FloatPointer;Lorg/bytedeco/javacpp/FloatPointer;Lorg/bytedeco/javacpp/IntPointer;)F (0 bytes) @ 0x0000000005ef1109 [0x0000000005ef1040+0xc9]
J 6497 C2 org.nd4j.linalg.cpu.nativecpu.ops.NativeOpExecutioner.exec(Lorg/nd4j/linalg/api/ops/Accumulation;)V (683 bytes) @ 0x0000000005204b30 [0x00000000052042a0+0x890]
J 6478 C2 org.nd4j.linalg.ops.transforms.Transforms.cosineSim(Lorg/nd4j/linalg/api/ndarray/INDArray;Lorg/nd4j/linalg/api/ndarray/INDArray;)D (61 bytes) @ 0x00000000055afa00 [0x00000000055af0c0+0x940]
J 6669 C2 de.unidue.haring.similarity.experiments.measures.LastNounSimilarityMeasure.computeTokenSimilarity(Lde/tudarmstadt/ukp/dkpro/core/api/segmentation/type/Token;Lde/tudarmstadt/ukp/dkpro/core/api/segmentation/type/Token;)D (87 bytes) @ 0x0000000005712670 [0x0000000005711d80+0x8f0]
J 7795 C2 de.unidue.haring.similarity.experiments.measures.LastNounSimilarityMeasure.measureSimilarity(Lorg/apache/uima/cas/CAS;Lde/unidue/haring/similarity/experiments/types/QuestionAnswerProblem;)Lde/unidue/haring/similarity/experiments/types/QuestionAnswerProblem; (72 bytes) @ 0x00000000063f2908 [0x00000000063f2820+0xe8]
J 6663 C2 de.unidue.haring.similarity.experiments.utils.Evaluator.process(Lorg/apache/uima/cas/CAS;)V (66 bytes) @ 0x0000000005d8003c [0x0000000005d7e340+0x1cfc]
J 7417 C2 org.apache.uima.analysis_component.CasAnnotator_ImplBase.process(Lorg/apache/uima/cas/AbstractCas;)V (54 bytes) @ 0x0000000004e9388c [0x0000000004e93820+0x6c]
J 7384 C2 org.apache.uima.analysis_engine.impl.PrimitiveAnalysisEngine_impl.callAnalysisComponentProcess(Lorg/apache/uima/cas/CAS;)V (393 bytes) @ 0x0000000006087fa0 [0x00000000060877e0+0x7c0]
J 7394 C2 org.apache.uima.analysis_engine.asb.impl.ASB_impl$AggregateCasIterator.processUntilNextOutputCas()Lorg/apache/uima/cas/CAS; (885 bytes) @ 0x0000000006334004 [0x00000000063338c0+0x744]
J 7789 C2 org.apache.uima.analysis_engine.impl.AnalysisEngineImplBase.process(Lorg/apache/uima/cas/CAS;)Lorg/apache/uima/util/ProcessTrace; (36 bytes) @ 0x000000000641dbdc [0x000000000641ccc0+0xf1c]
j  org.apache.uima.fit.pipeline.SimplePipeline.runPipeline(Lorg/apache/uima/collection/CollectionReader;[Lorg/apache/uima/analysis_engine/AnalysisEngineDescription;)V+77
j  de.unidue.haring.similarity.experiments.pipeline.Pipeline.runPipeline(Ljava/lang/String;Ljava/lang/String;Z)V+808
j  de.unidue.haring.similarity.experiments.pipeline.Pipeline.runPipelineWithAllEmbeddings(Ljava/lang/String;)V+49
j  de.unidue.haring.similarity.experiments.pipeline.Pipeline.main([Ljava/lang/String;)V+18
v  ~StubRoutines::call_stub

---------------  P R O C E S S  ---------------

Java Threads: ( => current thread )
  0x0000000038cd8800 JavaThread "JavaCPP Deallocator" daemon [_thread_blocked, id=4392, stack(0x000000003e430000,0x000000003e530000)]
  0x0000000038cd2800 JavaThread "Workspace deallocator thread" daemon [_thread_blocked, id=5436, stack(0x0000000037a40000,0x0000000037b40000)]
  0x0000000035afe000 JavaThread "Service Thread" daemon [_thread_blocked, id=19228, stack(0x0000000037840000,0x0000000037940000)]
  0x0000000035ab6000 JavaThread "C1 CompilerThread2" daemon [_thread_blocked, id=19092, stack(0x0000000037340000,0x0000000037440000)]
  0x0000000035aaf000 JavaThread "C2 CompilerThread1" daemon [_thread_blocked, id=2180, stack(0x0000000037240000,0x0000000037340000)]
  0x0000000035aac800 JavaThread "C2 CompilerThread0" daemon [_thread_blocked, id=3492, stack(0x0000000037140000,0x0000000037240000)]
  0x0000000035aaa800 JavaThread "Attach Listener" daemon [_thread_blocked, id=15952, stack(0x0000000037040000,0x0000000037140000)]
  0x0000000035aa9800 JavaThread "Signal Dispatcher" daemon [_thread_blocked, id=9984, stack(0x0000000036f40000,0x0000000037040000)]
  0x0000000004d5e800 JavaThread "Finalizer" daemon [_thread_blocked, id=16900, stack(0x0000000036d20000,0x0000000036e20000)]
  0x0000000035a68800 JavaThread "Reference Handler" daemon [_thread_blocked, id=18936, stack(0x0000000036c20000,0x0000000036d20000)]
=>0x0000000004b4e000 JavaThread "main" [_thread_in_native, id=10948, stack(0x0000000004b60000,0x0000000004c60000)]

Other Threads:
  0x0000000035a67000 VMThread [stack: 0x0000000036b20000,0x0000000036c20000] [id=17608]
  0x00000000374fa800 WatcherThread [stack: 0x0000000037940000,0x0000000037a40000] [id=11136]

VM state:not at safepoint (normal execution)

VM Mutex/Monitor currently owned by a thread: None

Heap:
 PSYoungGen      total 4395008K, used 366330K [0x0000000695580000, 0x00000007c0000000, 0x00000007c0000000)
  eden space 4110848K, 2% used [0x0000000695580000,0x000000069a5ca448,0x0000000790400000)
  from space 284160K, 99% used [0x0000000790400000,0x00000007a1974730,0x00000007a1980000)
  to   space 417792K, 0% used [0x00000007a6800000,0x00000007a6800000,0x00000007c0000000)
 ParOldGen       total 2149376K, used 1211863K [0x0000000440000000, 0x00000004c3300000, 0x0000000695580000)
  object space 2149376K, 56% used [0x0000000440000000,0x0000000489f75d28,0x00000004c3300000)
 Metaspace       used 34692K, capacity 36008K, committed 36096K, reserved 1081344K
  class space    used 3792K, capacity 4077K, committed 4096K, reserved 1048576K

Card table byte_map: [0x0000000014120000,0x0000000015d30000] byte_map_base: 0x0000000011f20000

Marking Bits: (ParMarkBitMap*) 0x0000000052352f70
 Begin Bits: [0x00000000173e0000, 0x00000000253e0000)
 End Bits:   [0x00000000253e0000, 0x00000000333e0000)

Polling page: 0x0000000004a80000

CodeCache: size=245760Kb used=27845Kb max_used=27863Kb free=217914Kb
 bounds [0x0000000004d60000, 0x00000000068d0000, 0x0000000013d60000]
 total_blobs=7801 nmethods=6816 adapters=897
 compilation: enabled

Compilation events (10 events):
Event: 3307.911 Thread 0x0000000035ab6000 9534       1       java.util.LinkedHashMap$LinkedKeySet::size (8 bytes)
Event: 3307.911 Thread 0x0000000035ab6000 nmethod 9534 0x0000000006866650 code [0x00000000068667a0, 0x00000000068668b0]
Event: 3307.922 Thread 0x0000000035aac800 9535       4       java.util.HashSet::remove (20 bytes)
Event: 3307.945 Thread 0x0000000035ab6000 9536   !   3       sun.misc.ExtensionDependency::checkExtensionsDependencies (32 bytes)
Event: 3307.945 Thread 0x0000000035ab6000 nmethod 9536 0x00000000068bc910 code [0x00000000068bcaa0, 0x00000000068bceb8]
Event: 3307.945 Thread 0x0000000035ab6000 9537       3       java.util.jar.JarFile::checkForSpecialAttributes (58 bytes)
Event: 3307.946 Thread 0x0000000035ab6000 nmethod 9537 0x00000000068bc350 code [0x00000000068bc4e0, 0x00000000068bc838]
Event: 3307.961 Thread 0x0000000035aac800 nmethod 9535 0x00000000068c06d0 code [0x00000000068c09e0, 0x00000000068c2848]
Event: 3320.497 Thread 0x0000000035aaf000 9538       4       org.languagetool.rules.patterns.Unifier::getFinalUnified (14 bytes)
Event: 3320.498 Thread 0x0000000035aaf000 nmethod 9538 0x00000000068a2bd0 code [0x00000000068a2d20, 0x00000000068a2dc8]

GC Heap History (10 events):
Event: 3299.509 GC heap before
{Heap before GC invocations=704 (full 11):
 PSYoungGen      total 4604928K, used 4542287K [0x0000000695580000, 0x00000007c0000000, 0x00000007c0000000)
  eden space 4365824K, 100% used [0x0000000695580000,0x000000079fd00000,0x000000079fd00000)
  from space 239104K, 73% used [0x00000007b1680000,0x00000007bc2d3fc8,0x00000007c0000000)
  to   space 263680K, 0% used [0x000000079fd00000,0x000000079fd00000,0x00000007afe80000)
 ParOldGen       total 2149376K, used 1067261K [0x0000000440000000, 0x00000004c3300000, 0x0000000695580000)
  object space 2149376K, 49% used [0x0000000440000000,0x000000048123f6e8,0x00000004c3300000)
 Metaspace       used 34678K, capacity 36008K, committed 36096K, reserved 1081344K
  class space    used 3792K, capacity 4077K, committed 4096K, reserved 1048576K
Event: 3299.580 GC heap after
Heap after GC invocations=704 (full 11):
 PSYoungGen      total 4529664K, used 163406K [0x0000000695580000, 0x00000007c0000000, 0x00000007c0000000)
  eden space 4365824K, 0% used [0x0000000695580000,0x0000000695580000,0x000000079fd00000)
  from space 163840K, 99% used [0x000000079fd00000,0x00000007a9c93838,0x00000007a9d00000)
  to   space 272384K, 0% used [0x00000007af600000,0x00000007af600000,0x00000007c0000000)
 ParOldGen       total 2149376K, used 1067261K [0x0000000440000000, 0x00000004c3300000, 0x0000000695580000)
  object space 2149376K, 49% used [0x0000000440000000,0x000000048123f6e8,0x00000004c3300000)
 Metaspace       used 34678K, capacity 36008K, committed 36096K, reserved 1081344K
  class space    used 3792K, capacity 4077K, committed 4096K, reserved 1048576K
}
Event: 3303.115 GC heap before
{Heap before GC invocations=705 (full 11):
 PSYoungGen      total 4529664K, used 4529230K [0x0000000695580000, 0x00000007c0000000, 0x00000007c0000000)
  eden space 4365824K, 100% used [0x0000000695580000,0x000000079fd00000,0x000000079fd00000)
  from space 163840K, 99% used [0x000000079fd00000,0x00000007a9c93838,0x00000007a9d00000)
  to   space 272384K, 0% used [0x00000007af600000,0x00000007af600000,0x00000007c0000000)
 ParOldGen       total 2149376K, used 1067261K [0x0000000440000000, 0x00000004c3300000, 0x0000000695580000)
  object space 2149376K, 49% used [0x0000000440000000,0x000000048123f6e8,0x00000004c3300000)
 Metaspace       used 34678K, capacity 36008K, committed 36096K, reserved 1081344K
  class space    used 3792K, capacity 4077K, committed 4096K, reserved 1048576K
Event: 3303.181 GC heap after
Heap after GC invocations=705 (full 11):
 PSYoungGen      total 4605440K, used 166958K [0x0000000695580000, 0x00000007c0000000, 0x00000007c0000000)
  eden space 4333056K, 0% used [0x0000000695580000,0x0000000695580000,0x000000079dd00000)
  from space 272384K, 61% used [0x00000007af600000,0x00000007b990b828,0x00000007c0000000)
  to   space 280064K, 0% used [0x000000079dd00000,0x000000079dd00000,0x00000007aee80000)
 ParOldGen       total 2149376K, used 1067261K [0x0000000440000000, 0x00000004c3300000, 0x0000000695580000)
  object space 2149376K, 49% used [0x0000000440000000,0x000000048123f6e8,0x00000004c3300000)
 Metaspace       used 34678K, capacity 36008K, committed 36096K, reserved 1081344K
  class space    used 3792K, capacity 4077K, committed 4096K, reserved 1048576K
}
Event: 3308.931 GC heap before
{Heap before GC invocations=706 (full 11):
 PSYoungGen      total 4605440K, used 4500014K [0x0000000695580000, 0x00000007c0000000, 0x00000007c0000000)
  eden space 4333056K, 100% used [0x0000000695580000,0x000000079dd00000,0x000000079dd00000)
  from space 272384K, 61% used [0x00000007af600000,0x00000007b990b828,0x00000007c0000000)
  to   space 280064K, 0% used [0x000000079dd00000,0x000000079dd00000,0x00000007aee80000)
 ParOldGen       total 2149376K, used 1067261K [0x0000000440000000, 0x00000004c3300000, 0x0000000695580000)
  object space 2149376K, 49% used [0x0000000440000000,0x000000048123f6e8,0x00000004c3300000)
 Metaspace       used 34692K, capacity 36008K, committed 36096K, reserved 1081344K
  class space    used 3792K, capacity 4077K, committed 4096K, reserved 1048576K
Event: 3309.079 GC heap after
Heap after GC invocations=706 (full 11):
 PSYoungGen      total 4609536K, used 276178K [0x0000000695580000, 0x00000007c0000000, 0x00000007c0000000)
  eden space 4333056K, 0% used [0x0000000695580000,0x0000000695580000,0x000000079dd00000)
  from space 276480K, 99% used [0x000000079dd00000,0x00000007aeab4a68,0x00000007aeb00000)
  to   space 283648K, 0% used [0x00000007aeb00000,0x00000007aeb00000,0x00000007c0000000)
 ParOldGen       total 2149376K, used 1067269K [0x0000000440000000, 0x00000004c3300000, 0x0000000695580000)
  object space 2149376K, 49% used [0x0000000440000000,0x00000004812416e8,0x00000004c3300000)
 Metaspace       used 34692K, capacity 36008K, committed 36096K, reserved 1081344K
  class space    used 3792K, capacity 4077K, committed 4096K, reserved 1048576K
}
Event: 3328.905 GC heap before
{Heap before GC invocations=707 (full 11):
 PSYoungGen      total 4609536K, used 4609234K [0x0000000695580000, 0x00000007c0000000, 0x00000007c0000000)
  eden space 4333056K, 100% used [0x0000000695580000,0x000000079dd00000,0x000000079dd00000)
  from space 276480K, 99% used [0x000000079dd00000,0x00000007aeab4a68,0x00000007aeb00000)
  to   space 283648K, 0% used [0x00000007aeb00000,0x00000007aeb00000,0x00000007c0000000)
 ParOldGen       total 2149376K, used 1067269K [0x0000000440000000, 0x00000004c3300000, 0x0000000695580000)
  object space 2149376K, 49% used [0x0000000440000000,0x00000004812416e8,0x00000004c3300000)
 Metaspace       used 34692K, capacity 36008K, committed 36096K, reserved 1081344K
  class space    used 3792K, capacity 4077K, committed 4096K, reserved 1048576K
Event: 3329.129 GC heap after
Heap after GC invocations=707 (full 11):
 PSYoungGen      total 4394496K, used 283617K [0x0000000695580000, 0x00000007c0000000, 0x00000007c0000000)
  eden space 4110848K, 0% used [0x0000000695580000,0x0000000695580000,0x0000000790400000)
  from space 283648K, 99% used [0x00000007aeb00000,0x00000007bfff8588,0x00000007c0000000)
  to   space 391168K, 0% used [0x0000000790400000,0x0000000790400000,0x00000007a8200000)
 ParOldGen       total 2149376K, used 1140125K [0x0000000440000000, 0x00000004c3300000, 0x0000000695580000)
  object space 2149376K, 53% used [0x0000000440000000,0x00000004859677e0,0x00000004c3300000)
 Metaspace       used 34692K, capacity 36008K, committed 36096K, reserved 1081344K
  class space    used 3792K, capacity 4077K, committed 4096K, reserved 1048576K
}
Event: 3347.955 GC heap before
{Heap before GC invocations=708 (full 11):
 PSYoungGen      total 4394496K, used 4394465K [0x0000000695580000, 0x00000007c0000000, 0x00000007c0000000)
  eden space 4110848K, 100% used [0x0000000695580000,0x0000000790400000,0x0000000790400000)
  from space 283648K, 99% used [0x00000007aeb00000,0x00000007bfff8588,0x00000007c0000000)
  to   space 391168K, 0% used [0x0000000790400000,0x0000000790400000,0x00000007a8200000)
 ParOldGen       total 2149376K, used 1140125K [0x0000000440000000, 0x00000004c3300000, 0x0000000695580000)
  object space 2149376K, 53% used [0x0000000440000000,0x00000004859677e0,0x00000004c3300000)
 Metaspace       used 34692K, capacity 36008K, committed 36096K, reserved 1081344K
  class space    used 3792K, capacity 4077K, committed 4096K, reserved 1048576K
Event: 3348.175 GC heap after
Heap after GC invocations=708 (full 11):
 PSYoungGen      total 4395008K, used 284113K [0x0000000695580000, 0x00000007c0000000, 0x00000007c0000000)
  eden space 4110848K, 0% used [0x0000000695580000,0x0000000695580000,0x0000000790400000)
  from space 284160K, 99% used [0x0000000790400000,0x00000007a1974730,0x00000007a1980000)
  to   space 417792K, 0% used [0x00000007a6800000,0x00000007a6800000,0x00000007c0000000)
 ParOldGen       total 2149376K, used 1211863K [0x0000000440000000, 0x00000004c3300000, 0x0000000695580000)
  object space 2149376K, 56% used [0x0000000440000000,0x0000000489f75d28,0x00000004c3300000)
 Metaspace       used 34692K, capacity 36008K, committed 36096K, reserved 1081344K
  class space    used 3792K, capacity 4077K, committed 4096K, reserved 1048576K
}

Deoptimization events (10 events):
Event: 981.455 Thread 0x0000000004b4e000 Uncommon trap: reason=unstable_if action=reinterpret pc=0x000000000607d1a4 method=de.unidue.haring.similarity.experiments.customAnnotators.CustomTextFormatVectorizer.vectorize(Ljava/lang/String;)[F @ 4
Event: 995.909 Thread 0x0000000004b4e000 Uncommon trap: reason=unstable_if action=reinterpret pc=0x00000000065bddd0 method=java.util.HashMap.getNode(ILjava/lang/Object;)Ljava/util/HashMap$Node; @ 84
Event: 995.909 Thread 0x0000000004b4e000 Uncommon trap: reason=unstable_if action=reinterpret pc=0x0000000005883380 method=java.util.HashMap.getNode(ILjava/lang/Object;)Ljava/util/HashMap$Node; @ 84
Event: 995.962 Thread 0x0000000004b4e000 Uncommon trap: reason=unstable_if action=reinterpret pc=0x0000000005384b30 method=java.util.HashMap.getNode(ILjava/lang/Object;)Ljava/util/HashMap$Node; @ 84
Event: 995.962 Thread 0x0000000004b4e000 Uncommon trap: reason=unstable_if action=reinterpret pc=0x00000000051f10a4 method=java.util.HashMap.getNode(ILjava/lang/Object;)Ljava/util/HashMap$Node; @ 84
Event: 1092.501 Thread 0x0000000004b4e000 Uncommon trap: reason=unstable_if action=reinterpret pc=0x000000000560fb50 method=sun.misc.FloatingDecimal.readJavaFormatString(Ljava/lang/String;)Lsun/misc/FloatingDecimal$ASCIIToBinaryConverter; @ 235
Event: 1092.501 Thread 0x0000000004b4e000 Uncommon trap: reason=class_check action=maybe_recompile pc=0x00000000055dd7e8 method=sun.misc.FloatingDecimal.parseFloat(Ljava/lang/String;)F @ 4
Event: 1113.628 Thread 0x0000000004b4e000 Uncommon trap: reason=class_check action=maybe_recompile pc=0x00000000055dd7e8 method=sun.misc.FloatingDecimal.parseFloat(Ljava/lang/String;)F @ 4
Event: 1171.288 Thread 0x0000000004b4e000 Uncommon trap: reason=class_check action=maybe_recompile pc=0x00000000055dd7e8 method=sun.misc.FloatingDecimal.parseFloat(Ljava/lang/String;)F @ 4
Event: 1192.141 Thread 0x0000000004b4e000 Uncommon trap: reason=class_check action=maybe_recompile pc=0x00000000055dd7e8 method=sun.misc.FloatingDecimal.parseFloat(Ljava/lang/String;)F @ 4

Internal exceptions (10 events):
Event: 3306.325 Thread 0x0000000004b4e000 Exception <a 'java/lang/ClassNotFoundException': de/tudarmstadt/ukp/dkpro/core/api/segmentation/type/Split[]_Type> (0x000000077fb42580) thrown at [C:\re\workspace\8-2-build-windows-amd64-cygwin\jdk8u91\6644\hotspot\src\share\vm\prims\jni.cpp, line 735]
Event: 3306.325 Thread 0x0000000004b4e000 Exception <a 'java/lang/ClassNotFoundException': de/tudarmstadt/ukp/dkpro/core/api/semantics/type/SemArgLink[]_Type> (0x000000077fb42af0) thrown at [C:\re\workspace\8-2-build-windows-amd64-cygwin\jdk8u91\6644\hotspot\src\share\vm\prims\jni.cpp, line 735]
Event: 3306.325 Thread 0x0000000004b4e000 Exception <a 'java/lang/ClassNotFoundException': de/tudarmstadt/ukp/dkpro/core/api/semantics/type/SemanticArgument[]_Type> (0x000000077fb43090) thrown at [C:\re\workspace\8-2-build-windows-amd64-cygwin\jdk8u91\6644\hotspot\src\share\vm\prims\jni.cpp, line ?2,¦Ô©@
Event: 3306.325 Thread 0x0000000004b4e000 Exception <a 'java/lang/ClassNotFoundException': uima/tcas/Annotation[]_Type> (0x000000077fb43420) thrown at [C:\re\workspace\8-2-build-windows-amd64-cygwin\jdk8u91\6644\hotspot\src\share\vm\prims\jni.cpp, line 735]
Event: 3306.353 Thread 0x0000000004b4e000 Exception <a 'java/lang/ClassNotFoundException': de/tudarmstadt/ukp/dkpro/core/api/anomaly/type/SuggestedAction[]_Type> (0x00000007804a9658) thrown at [C:\re\workspace\8-2-build-windows-amd64-cygwin\jdk8u91\6644\hotspot\src\share\vm\prims\jni.cpp, line 735!¸m¡´Ô©@
Event: 3306.353 Thread 0x0000000004b4e000 Exception <a 'java/lang/ClassNotFoundException': de/tudarmstadt/ukp/dkpro/core/api/metadata/type/TagDescription[]_Type> (0x00000007804a9be8) thrown at [C:\re\workspace\8-2-build-windows-amd64-cygwin\jdk8u91\6644\hotspot\src\share\vm\prims\jni.cpp, line 735
Event: 3306.353 Thread 0x0000000004b4e000 Exception <a 'java/lang/ClassNotFoundException': de/tudarmstadt/ukp/dkpro/core/api/segmentation/type/Split[]_Type> (0x00000007804aa138) thrown at [C:\re\workspace\8-2-build-windows-amd64-cygwin\jdk8u91\6644\hotspot\src\share\vm\prims\jni.cpp, line 735]
Event: 3306.353 Thread 0x0000000004b4e000 Exception <a 'java/lang/ClassNotFoundException': de/tudarmstadt/ukp/dkpro/core/api/semantics/type/SemArgLink[]_Type> (0x00000007804aa6a8) thrown at [C:\re\workspace\8-2-build-windows-amd64-cygwin\jdk8u91\6644\hotspot\src\share\vm\prims\jni.cpp, line 735]
Event: 3306.353 Thread 0x0000000004b4e000 Exception <a 'java/lang/ClassNotFoundException': de/tudarmstadt/ukp/dkpro/core/api/semantics/type/SemanticArgument[]_Type> (0x00000007804aac48) thrown at [C:\re\workspace\8-2-build-windows-amd64-cygwin\jdk8u91\6644\hotspot\src\share\vm\prims\jni.cpp, line 8ŒS©´Ô©@
Event: 3306.353 Thread 0x0000000004b4e000 Exception <a 'java/lang/ClassNotFoundException': uima/tcas/Annotation[]_Type> (0x00000007804aafd8) thrown at [C:\re\workspace\8-2-build-windows-amd64-cygwin\jdk8u91\6644\hotspot\src\share\vm\prims\jni.cpp, line 735]

Events (10 events):
Event: 3306.351 loading class de/tudarmstadt/ukp/dkpro/core/api/lexmorph/type/pos/tweet/URL_Type
Event: 3306.351 loading class de/tudarmstadt/ukp/dkpro/core/api/lexmorph/type/pos/tweet/URL_Type done
Event: 3306.356 Thread 0x0000000004b4e000 DEOPT PACKING pc=0x0000000006656884 sp=0x0000000004c5e9b0
Event: 3306.356 Thread 0x0000000004b4e000 DEOPT UNPACKING pc=0x0000000004da787f sp=0x0000000004c5e760 mode 0
Event: 3308.931 Executing VM operation: ParallelGCFailedAllocation
Event: 3309.079 Executing VM operation: ParallelGCFailedAllocation done
Event: 3328.905 Executing VM operation: ParallelGCFailedAllocation
Event: 3329.129 Executing VM operation: ParallelGCFailedAllocation done
Event: 3347.955 Executing VM operation: ParallelGCFailedAllocation
Event: 3348.175 Executing VM operation: ParallelGCFailedAllocation done


Dynamic libraries:
0x00007ff7d7dc0000 - 0x00007ff7d7df7000 	C:\Program Files\Java\jre1.8.0_91\bin\javaw.exe
0x00007ffc3d930000 - 0x00007ffc3db10000 	C:\WINDOWS\SYSTEM32\ntdll.dll
0x00007ffc3cf90000 - 0x00007ffc3d03e000 	C:\WINDOWS\System32\KERNEL32.DLL
0x00007ffc3a8a0000 - 0x00007ffc3ab06000 	C:\WINDOWS\System32\KERNELBASE.dll
0x00007ffc3ce20000 - 0x00007ffc3cec1000 	C:\WINDOWS\System32\ADVAPI32.dll
0x00007ffc3cd80000 - 0x00007ffc3ce1d000 	C:\WINDOWS\System32\msvcrt.dll
0x00007ffc3cbb0000 - 0x00007ffc3cc0b000 	C:\WINDOWS\System32\sechost.dll
0x00007ffc3af90000 - 0x00007ffc3b0af000 	C:\WINDOWS\System32\RPCRT4.dll
0x00007ffc3ae00000 - 0x00007ffc3af8f000 	C:\WINDOWS\System32\USER32.dll
0x00007ffc3ade0000 - 0x00007ffc3ae00000 	C:\WINDOWS\System32\win32u.dll
0x00007ffc3ced0000 - 0x00007ffc3cef8000 	C:\WINDOWS\System32\GDI32.dll
0x00007ffc3a650000 - 0x00007ffc3a7e3000 	C:\WINDOWS\System32\gdi32full.dll
0x00007ffc3ace0000 - 0x00007ffc3ad7b000 	C:\WINDOWS\System32\msvcp_win.dll
0x00007ffc3a550000 - 0x00007ffc3a646000 	C:\WINDOWS\System32\ucrtbase.dll
0x00007ffc323c0000 - 0x00007ffc32629000 	C:\WINDOWS\WinSxS\amd64_microsoft.windows.common-controls_6595b64144ccf1df_6.0.16299.309_none_15cfd4c4935e6b11\COMCTL32.dll
0x00007ffc3d040000 - 0x00007ffc3d348000 	C:\WINDOWS\System32\combase.dll
0x00007ffc39d30000 - 0x00007ffc39da2000 	C:\WINDOWS\System32\bcryptPrimitives.dll
0x00007ffc3cf60000 - 0x00007ffc3cf8d000 	C:\WINDOWS\System32\IMM32.DLL
0x00007ffc21f20000 - 0x00007ffc21fa2000 	C:\PROGRAM FILES\EMSISOFT ANTI-MALWARE\a2hooks64.dll
0x00007ffc3b0b0000 - 0x00007ffc3c4e6000 	C:\WINDOWS\System32\SHELL32.dll
0x00007ffc3a500000 - 0x00007ffc3a54a000 	C:\WINDOWS\System32\cfgmgr32.dll
0x00007ffc3c9f0000 - 0x00007ffc3ca96000 	C:\WINDOWS\System32\shcore.dll
0x00007ffc39db0000 - 0x00007ffc3a4f7000 	C:\WINDOWS\System32\windows.storage.dll
0x00007ffc3cc10000 - 0x00007ffc3cc61000 	C:\WINDOWS\System32\shlwapi.dll
0x00007ffc39cf0000 - 0x00007ffc39d01000 	C:\WINDOWS\System32\kernel.appcore.dll
0x00007ffc39c80000 - 0x00007ffc39ccc000 	C:\WINDOWS\System32\powrprof.dll
0x00007ffc39d10000 - 0x00007ffc39d2b000 	C:\WINDOWS\System32\profapi.dll
0x00007ffc396d0000 - 0x00007ffc396db000 	C:\WINDOWS\SYSTEM32\CRYPTBASE.DLL
0x00007ffc38db0000 - 0x00007ffc38de1000 	C:\WINDOWS\SYSTEM32\ntmarta.dll
0x0000000051880000 - 0x0000000051952000 	C:\Program Files\Java\jre1.8.0_91\bin\msvcr100.dll
0x0000000051b40000 - 0x00000000523d3000 	C:\Program Files\Java\jre1.8.0_91\bin\server\jvm.dll
0x00007ffc3d8f0000 - 0x00007ffc3d8f8000 	C:\WINDOWS\System32\PSAPI.DLL
0x00007ffc21730000 - 0x00007ffc21739000 	C:\WINDOWS\SYSTEM32\WSOCK32.dll
0x00007ffc3c970000 - 0x00007ffc3c9dc000 	C:\WINDOWS\System32\WS2_32.dll
0x00007ffc367f0000 - 0x00007ffc36813000 	C:\WINDOWS\SYSTEM32\WINMM.dll
0x00007ffc350a0000 - 0x00007ffc350aa000 	C:\WINDOWS\SYSTEM32\VERSION.dll
0x00007ffc36780000 - 0x00007ffc367aa000 	C:\WINDOWS\SYSTEM32\WINMMBASE.dll
0x0000000051a50000 - 0x0000000051a5f000 	C:\Program Files\Java\jre1.8.0_91\bin\verify.dll
0x0000000051a20000 - 0x0000000051a49000 	C:\Program Files\Java\jre1.8.0_91\bin\java.dll
0x0000000051a00000 - 0x0000000051a16000 	C:\Program Files\Java\jre1.8.0_91\bin\zip.dll
0x00000000519e0000 - 0x00000000519fa000 	C:\Program Files\Java\jre1.8.0_91\bin\net.dll
0x00007ffc39510000 - 0x00007ffc39576000 	C:\WINDOWS\system32\mswsock.dll
0x00000000519c0000 - 0x00000000519d1000 	C:\Program Files\Java\jre1.8.0_91\bin\nio.dll
0x00007ffc396e0000 - 0x00007ffc396f7000 	C:\WINDOWS\SYSTEM32\CRYPTSP.dll
0x00007ffc390b0000 - 0x00007ffc390e3000 	C:\WINDOWS\system32\rsaenh.dll
0x00007ffc397e0000 - 0x00007ffc39805000 	C:\WINDOWS\SYSTEM32\bcrypt.dll
0x00007ffc39bb0000 - 0x00007ffc39bd9000 	C:\WINDOWS\SYSTEM32\USERENV.dll
0x00007ffc39240000 - 0x00007ffc39279000 	C:\WINDOWS\SYSTEM32\IPHLPAPI.DLL
0x00007ffc3cc70000 - 0x00007ffc3cc78000 	C:\WINDOWS\System32\NSI.dll
0x00007ffc35900000 - 0x00007ffc35916000 	C:\WINDOWS\SYSTEM32\dhcpcsvc6.DLL
0x00007ffc35880000 - 0x00007ffc3589a000 	C:\WINDOWS\SYSTEM32\dhcpcsvc.DLL
0x0000000051980000 - 0x000000005198d000 	C:\Program Files\Java\jre1.8.0_91\bin\management.dll
0x00007ffc0d080000 - 0x00007ffc0d096000 	C:\WINDOWS\system32\napinsp.dll
0x00007ffc099d0000 - 0x00007ffc099ea000 	C:\WINDOWS\system32\pnrpnsp.dll
0x00007ffc36ca0000 - 0x00007ffc36cb8000 	C:\WINDOWS\system32\NLAapi.dll
0x00007ffc39280000 - 0x00007ffc39336000 	C:\WINDOWS\SYSTEM32\DNSAPI.dll
0x00007ffc0d070000 - 0x00007ffc0d07e000 	C:\WINDOWS\System32\winrnr.dll
0x00007ffc32650000 - 0x00007ffc3265a000 	C:\Windows\System32\rasadhlp.dll
0x00007ffc308c0000 - 0x00007ffc30930000 	C:\WINDOWS\System32\fwpuclnt.dll
0x0000000069480000 - 0x0000000069a6c000 	C:\Users\El Paco\.javacpp\cache\nd4j-native-0.9.1-windows-x86_64.jar\org\nd4j\nativeblas\windows-x86_64\libnd4jcpu.dll
0x0000000066880000 - 0x00000000669f2000 	C:\Users\El Paco\.javacpp\cache\nd4j-native-0.9.1-windows-x86_64.jar\org\nd4j\nativeblas\windows-x86_64\jnind4jcpu.dll
0x000000006d7c0000 - 0x000000006fc22000 	C:\Users\El Paco\.javacpp\cache\openblas-0.2.19-1.3-windows-x86_64.jar\org\bytedeco\javacpp\windows-x86_64\libopenblas.dll
0x0000000067800000 - 0x0000000068599000 	C:\Users\El Paco\.javacpp\cache\openblas-0.2.19-1.3-windows-x86_64.jar\org\bytedeco\javacpp\windows-x86_64\jniopenblas.dll
0x00007ffc2c660000 - 0x00007ffc2c828000 	C:\WINDOWS\SYSTEM32\dbghelp.dll

VM Arguments:
jvm_args: -Xmx14g -Dfile.encoding=UTF-8 
java_command: de.unidue.haring.similarity.experiments.pipeline.Pipeline
java_class_path (initial): C:\Program Files\Java\jre1.8.0_91\lib\resources.jar;C:\Program Files\Java\jre1.8.0_91\lib\rt.jar;C:\Program Files\Java\jre1.8.0_91\lib\jsse.jar;C:\Program Files\Java\jre1.8.0_91\lib\jce.jar;C:\Program Files\Java\jre1.8.0_91\lib\charsets.jar;C:\Program Files\Java\jre1.8.0_91\lib\jfr.jar;C:\Program Files\Java\jre1.8.0_91\lib\ext\access-bridge-64.jar;C:\Program Files\Java\jre1.8.0_91\lib\ext\cldrdata.jar;C:\Program Files\Java\jre1.8.0_91\lib\ext\dnsns.jar;C:\Program Files\Java\jre1.8.0_91\lib\ext\jaccess.jar;C:\Program Files\Java\jre1.8.0_91\lib\ext\jfxrt.jar;C:\Program Files\Java\jre1.8.0_91\lib\ext\localedata.jar;C:\Program Files\Java\jre1.8.0_91\lib\ext\nashorn.jar;C:\Program Files\Java\jre1.8.0_91\lib\ext\sunec.jar;C:\Program Files\Java\jre1.8.0_91\lib\ext\sunjce_provider.jar;C:\Program Files\Java\jre1.8.0_91\lib\ext\sunmscapi.jar;C:\Program Files\Java\jre1.8.0_91\lib\ext\sunpkcs11.jar;C:\Program Files\Java\jre1.8.0_91\lib\ext\zipfs.jar;D:\workspace\de.unidue.haring.similarity.answerchoice-experiment\target\classes;C:\Users\El Paco\.m2\repository\org\nd4j\nd4j-native-platform\0.9.1\nd4j-native-platform-0.9.1.jar;C:\Users\El Paco\.m2\repository\org\bytedeco\javacpp-presets\openblas-platform\0.2.19-1.3\openblas-platform-0.2.19-1.3.jar;C:\Users\El Paco\.m2\repository\org\bytedeco\javacpp-presets\openblas\0.2.19-1.3\openblas-0.2.19-1.3.jar;C:\Users\El Paco\.m2\repository\org\bytedeco\javacpp-presets\openblas\0.2.19-1.3\openblas-0.2.19-1.3-android-arm.jar;C:\Users\El Paco\.m2\repository\org\bytedeco\javacpp-presets\openblas\0.2.19-1.3\openblas-0.2.19-1.3-android-x86.jar;C:\Users\El Paco\.m2\repository\org\bytedeco\javacpp-presets\openblas\0.2.19-1.3\openblas-0.2.19-1.3-linux-x86.jar;C:\Users\El Paco\.m2\repository\org\bytedeco\javacpp-presets\openblas\0.2.19-1.3\openblas-0.2.19-1.3-linux-x86_64.jar;C:\Users\El Paco\.m2\repository\org\bytedeco\javacpp-presets\openblas\0.2.19-1.3\openblas-0.2.19-1.3-linux-armhf.jar;C:\Users\El Paco\.m2\reposit
Launcher Type: SUN_STANDARD

Environment Variables:
PATH=C:/Program Files/Java/jre1.8.0_91/bin/server;C:/Program Files/Java/jre1.8.0_91/bin;C:/Program Files/Java/jre1.8.0_91/lib/amd64;C:\Program Files\Haskell\bin;C:\Program Files\Haskell Platform\7.10.3\lib\extralibs\bin;C:\Program Files\Haskell Platform\7.10.3\bin;C:\ProgramData\Oracle\Java\javapath;C:\Windows\system32;C:\Windows;C:\Windows\System32\Wbem;C:\Windows\System32\WindowsPowerShell\v1.0\;C:\Program Files (x86)\NVIDIA Corporation\PhysX\Common;C:\MinGW\bin;C:\Users\El Paco\AppData\Local\Programs\Git\bin;C:\Ruby23;C:\Program Files (x86)\MySQL\MySQL Fabric 1.5 & MySQL Utilities 1.5\;C:\Program Files (x86)\MySQL\MySQL Fabric 1.5 & MySQL Utilities 1.5\Doctrine extensions for PHP\;C:\Program Files (x86)\Heroku\bin;C:\Program Files (x86)\git\cmd;C:\Ruby23\bin;C:\WINDOWS\system32;C:\WINDOWS;C:\WINDOWS\System32\Wbem;C:\WINDOWS\System32\WindowsPowerShell\v1.0\;C:\Program Files (x86)\GtkSharp\2.12\bin;C:\MinGW64\bin;C:\phantomjs;C:\Program Files\PuTTY\;C:\Program Files\nodejs\;C:\Program Files (x86)\VideoLAN\VLC;C:\Program Files\Liquid Technologies\Liquid Studio 2017\XmlDataBinder15\Redist15\cpp\win32\bin;C:\Program Files\Liquid Technologies\Liquid Studio 2017\XmlDataBinder15\Redist15\cpp\win64\bin;C:\Program Files\Python;C:\Program Files\Python\Scripts;C:\Ruby24-x64\bin;C:\RailsInstaller\Git\cmd;C:\RailsInstaller\Ruby2.2.0\bin;C:\ProgramData\Oracle\Java\javapath;C:\Windows\system32;C:\Windows;C:\Windows\System32\Wbem;C:\Windows\System32\WindowsPowerShell\v1.0\;C:\Program Files (x86)\NVIDIA Corporation\PhysX\Common;C:\MinGW\bin;C:\MinGW\msys\1.0\bin;C:\Ruby23\bin;C:\Users\El Paco\AppData\Local\Programs\MiKTeX 2.9\miktex\bin\;C:\MinGW;C:\Users\El Paco\AppData\Local\atom\bin;C:\Users\El Paco\AppData\Local\Microsoft\WindowsApps;C:\Users\El Paco\AppData\Roaming\npm;C:\Users\El Paco\AppData\Local\Programs\Git\cmd;C:\Users\El Paco\Desktop;
USERNAME=El Paco
OS=Windows_NT
PROCESSOR_IDENTIFIER=Intel64 Family 6 Model 42 Stepping 7, GenuineIntel



---------------  S Y S T E M  ---------------

OS: Windows 10.0 , 64 bit Build 16299 (10.0.16299.15)

CPU:total 4 (4 cores per cpu, 1 threads per core) family 6 model 42 stepping 7, cmov, cx8, fxsr, mmx, sse, sse2, sse3, ssse3, sse4.1, sse4.2, popcnt, avx, aes, clmul, tsc, tscinvbit

Memory: 4k page, physical 16758720k(3187652k free), swap 37781456k(5489968k free)

vm_info: Java HotSpot(TM) 64-Bit Server VM (25.91-b14) for windows-amd64 JRE (1.8.0_91-b14), built on Apr  1 2016 00:58:32 by "java_re" with MS VC++ 10.0 (VS2010)

time: Mon Apr 09 04:44:20 2018
elapsed time: 3348 seconds (0d 0h 55m 48s)

